# JRE version: Java(TM) SE Runtime Environment (8.0_25-b18) (build 1.8.0_25-b18)
# Java VM: Java HotSpot(TM) 64-Bit Server VM (25.25-b02 mixed mode windows-amd64 compressed oops)
Heap:
 PSYoungGen      total 196608K, used 3696K [0x00000000d5f80000, 0x00000000e5600000, 0x0000000100000000)
  eden space 173056K, 2% used [0x00000000d5f80000,0x00000000d631c380,0x00000000e0880000)
  from space 23552K, 0% used [0x00000000e0880000,0x00000000e0880000,0x00000000e1f80000)
  to   space 13824K, 0% used [0x00000000e1f80000,0x00000000e1f80000,0x00000000e2d00000)
 ParOldGen       total 80384K, used 69891K [0x0000000081e00000, 0x0000000086c80000, 0x00000000d5f80000)
  object space 80384K, 86% used [0x0000000081e00000,0x0000000086240e98,0x0000000086c80000)
 Metaspace       used 26757K, capacity 27450K, committed 27776K, reserved 1073152K
  class space    used 3179K, capacity 3379K, committed 3456K, reserved 1048576K
GC Heap History (10 events):
Event: 5.830 GC heap before
{Heap before GC invocations=7 (full 1):
 PSYoungGen      total 146432K, used 8615K [0x00000000d5f80000, 0x00000000dfd80000, 0x0000000100000000)
  eden space 133120K, 0% used [0x00000000d5f80000,0x00000000d5f80000,0x00000000de180000)
  from space 13312K, 64% used [0x00000000df080000,0x00000000df8e9d68,0x00000000dfd80000)
  to   space 14336K, 0% used [0x00000000de180000,0x00000000de180000,0x00000000def80000)
 ParOldGen       total 87552K, used 17286K [0x0000000081e00000, 0x0000000087380000, 0x00000000d5f80000)
  object space 87552K, 19% used [0x0000000081e00000,0x0000000082ee1bb8,0x0000000087380000)
 Metaspace       used 20703K, capacity 21178K, committed 21296K, reserved 1069056K
  class space    used 2480K, capacity 2618K, committed 2688K, reserved 1048576K
Event: 5.925 GC heap after
Heap after GC invocations=7 (full 1):
 PSYoungGen      total 146432K, used 0K [0x00000000d5f80000, 0x00000000dfd80000, 0x0000000100000000)
  eden space 133120K, 0% used [0x00000000d5f80000,0x00000000d5f80000,0x00000000de180000)
  from space 13312K, 0% used [0x00000000df080000,0x00000000df080000,0x00000000dfd80000)
  to   space 14336K, 0% used [0x00000000de180000,0x00000000de180000,0x00000000def80000)
 ParOldGen       total 80384K, used 17727K [0x0000000081e00000, 0x0000000086c80000, 0x00000000d5f80000)
  object space 80384K, 22% used [0x0000000081e00000,0x0000000082f4fc60,0x0000000086c80000)
 Metaspace       used 20703K, capacity 21178K, committed 21296K, reserved 1069056K
  class space    used 2480K, capacity 2618K, committed 2688K, reserved 1048576K
}
Event: 13.228 GC heap before
{Heap before GC invocations=8 (full 1):
 PSYoungGen      total 146432K, used 133120K [0x00000000d5f80000, 0x00000000dfd80000, 0x0000000100000000)
  eden space 133120K, 100% used [0x00000000d5f80000,0x00000000de180000,0x00000000de180000)
  from space 13312K, 0% used [0x00000000df080000,0x00000000df080000,0x00000000dfd80000)
  to   space 14336K, 0% used [0x00000000de180000,0x00000000de180000,0x00000000def80000)
 ParOldGen       total 80384K, used 17727K [0x0000000081e00000, 0x0000000086c80000, 0x00000000d5f80000)
  object space 80384K, 22% used [0x0000000081e00000,0x0000000082f4fc60,0x0000000086c80000)
 Metaspace       used 25829K, capacity 26516K, committed 26624K, reserved 1073152K
  class space    used 3088K, capacity 3281K, committed 3328K, reserved 1048576K
Event: 13.242 GC heap after
Heap after GC invocations=8 (full 1):
 PSYoungGen      total 147456K, used 8260K [0x00000000d5f80000, 0x00000000e2d00000, 0x0000000100000000)
  eden space 133120K, 0% used [0x00000000d5f80000,0x00000000d5f80000,0x00000000de180000)
  from space 14336K, 57% used [0x00000000de180000,0x00000000de9912e0,0x00000000def80000)
  to   space 13824K, 0% used [0x00000000e1f80000,0x00000000e1f80000,0x00000000e2d00000)
 ParOldGen       total 80384K, used 17799K [0x0000000081e00000, 0x0000000086c80000, 0x00000000d5f80000)
  object space 80384K, 22% used [0x0000000081e00000,0x0000000082f61c70,0x0000000086c80000)
 Metaspace       used 25829K, capacity 26516K, committed 26624K, reserved 1073152K
  class space    used 3088K, capacity 3281K, committed 3328K, reserved 1048576K
}
Event: 14.519 GC heap before
{Heap before GC invocations=9 (full 1):
 PSYoungGen      total 147456K, used 141380K [0x00000000d5f80000, 0x00000000e2d00000, 0x0000000100000000)
  eden space 133120K, 100% used [0x00000000d5f80000,0x00000000de180000,0x00000000de180000)
  from space 14336K, 57% used [0x00000000de180000,0x00000000de9912e0,0x00000000def80000)
  to   space 13824K, 0% used [0x00000000e1f80000,0x00000000e1f80000,0x00000000e2d00000)
 ParOldGen       total 80384K, used 17799K [0x0000000081e00000, 0x0000000086c80000, 0x00000000d5f80000)
  object space 80384K, 22% used [0x0000000081e00000,0x0000000082f61c70,0x0000000086c80000)
 Metaspace       used 26735K, capacity 27386K, committed 27520K, reserved 1073152K
  class space    used 3178K, capacity 3379K, committed 3456K, reserved 1048576K
Event: 14.583 GC heap after
Heap after GC invocations=9 (full 1):
 PSYoungGen      total 186880K, used 13814K [0x00000000d5f80000, 0x00000000e5600000, 0x0000000100000000)
  eden space 173056K, 0% used [0x00000000d5f80000,0x00000000d5f80000,0x00000000e0880000)
  from space 13824K, 99% used [0x00000000e1f80000,0x00000000e2cfd938,0x00000000e2d00000)
  to   space 23552K, 0% used [0x00000000e0880000,0x00000000e0880000,0x00000000e1f80000)
 ParOldGen       total 80384K, used 36721K [0x0000000081e00000, 0x0000000086c80000, 0x00000000d5f80000)
  object space 80384K, 45% used [0x0000000081e00000,0x00000000841dc498,0x0000000086c80000)
 Metaspace       used 26735K, capacity 27386K, committed 27520K, reserved 1073152K
  class space    used 3178K, capacity 3379K, committed 3456K, reserved 1048576K
}
Event: 15.988 GC heap before
{Heap before GC invocations=10 (full 1):
 PSYoungGen      total 186880K, used 186870K [0x00000000d5f80000, 0x00000000e5600000, 0x0000000100000000)
  eden space 173056K, 100% used [0x00000000d5f80000,0x00000000e0880000,0x00000000e0880000)
  from space 13824K, 99% used [0x00000000e1f80000,0x00000000e2cfd938,0x00000000e2d00000)
  to   space 23552K, 0% used [0x00000000e0880000,0x00000000e0880000,0x00000000e1f80000)
 ParOldGen       total 80384K, used 36722K [0x0000000081e00000, 0x0000000086c80000, 0x00000000d5f80000)
  object space 80384K, 45% used [0x0000000081e00000,0x00000000841dc8e0,0x0000000086c80000)
 Metaspace       used 26757K, capacity 27450K, committed 27776K, reserved 1073152K
  class space    used 3179K, capacity 3379K, committed 3456K, reserved 1048576K
Event: 16.052 GC heap after
Heap after GC invocations=10 (full 1):
 PSYoungGen      total 196608K, used 23542K [0x00000000d5f80000, 0x00000000e5600000, 0x0000000100000000)
  eden space 173056K, 0% used [0x00000000d5f80000,0x00000000d5f80000,0x00000000e0880000)
  from space 23552K, 99% used [0x00000000e0880000,0x00000000e1f7daf8,0x00000000e1f80000)
  to   space 13824K, 0% used [0x00000000e1f80000,0x00000000e1f80000,0x00000000e2d00000)
 ParOldGen       total 80384K, used 68023K [0x0000000081e00000, 0x0000000086c80000, 0x00000000d5f80000)
  object space 80384K, 84% used [0x0000000081e00000,0x000000008606dd90,0x0000000086c80000)
 Metaspace       used 26757K, capacity 27450K, committed 27776K, reserved 1073152K
  class space    used 3179K, capacity 3379K, committed 3456K, reserved 1048576K
}
Event: 16.052 GC heap before
{Heap before GC invocations=11 (full 2):
 PSYoungGen      total 196608K, used 23542K [0x00000000d5f80000, 0x00000000e5600000, 0x0000000100000000)
  eden space 173056K, 0% used [0x00000000d5f80000,0x00000000d5f80000,0x00000000e0880000)
  from space 23552K, 99% used [0x00000000e0880000,0x00000000e1f7daf8,0x00000000e1f80000)
  to   space 13824K, 0% used [0x00000000e1f80000,0x00000000e1f80000,0x00000000e2d00000)
 ParOldGen       total 80384K, used 68023K [0x0000000081e00000, 0x0000000086c80000, 0x00000000d5f80000)
  object space 80384K, 84% used [0x0000000081e00000,0x000000008606dd90,0x0000000086c80000)
 Metaspace       used 26757K, capacity 27450K, committed 27776K, reserved 1073152K
  class space    used 3179K, capacity 3379K, committed 3456K, reserved 1048576K
Event: 16.215 GC heap after
Heap after GC invocations=11 (full 2):
 PSYoungGen      total 196608K, used 0K [0x00000000d5f80000, 0x00000000e5600000, 0x0000000100000000)
  eden space 173056K, 0% used [0x00000000d5f80000,0x00000000d5f80000,0x00000000e0880000)
  from space 23552K, 0% used [0x00000000e0880000,0x00000000e0880000,0x00000000e1f80000)
  to   space 13824K, 0% used [0x00000000e1f80000,0x00000000e1f80000,0x00000000e2d00000)
 ParOldGen       total 80384K, used 69891K [0x0000000081e00000, 0x0000000086c80000, 0x00000000d5f80000)
  object space 80384K, 86% used [0x0000000081e00000,0x0000000086240e98,0x0000000086c80000)
 Metaspace       used 26757K, capacity 27450K, committed 27776K, reserved 1073152K
  class space    used 3179K, capacity 3379K, committed 3456K, reserved 1048576K
}

