# JRE version: Java(TM) SE Runtime Environment (8.0_25-b18) (build 1.8.0_25-b18)
# Java VM: Java HotSpot(TM) 64-Bit Server VM (25.25-b02 mixed mode windows-amd64 compressed oops)
Heap:
 PSYoungGen      total 201216K, used 111414K [0x00000000d5f80000, 0x00000000e7000000, 0x0000000100000000)
  eden space 154624K, 59% used [0x00000000d5f80000,0x00000000db92af28,0x00000000df680000)
  from space 46592K, 42% used [0x00000000df680000,0x00000000e09a2b28,0x00000000e2400000)
  to   space 44544K, 0% used [0x00000000e4480000,0x00000000e4480000,0x00000000e7000000)
 ParOldGen       total 184320K, used 65765K [0x0000000081e00000, 0x000000008d200000, 0x00000000d5f80000)
  object space 184320K, 35% used [0x0000000081e00000,0x0000000085e39728,0x000000008d200000)
 Metaspace       used 32600K, capacity 33232K, committed 33408K, reserved 1079296K
  class space    used 3981K, capacity 4212K, committed 4224K, reserved 1048576K
GC Heap History (10 events):
Event: 20.243 GC heap before
{Heap before GC invocations=9 (full 1):
 PSYoungGen      total 147456K, used 141286K [0x00000000d5f80000, 0x00000000e0b00000, 0x0000000100000000)
  eden space 133120K, 100% used [0x00000000d5f80000,0x00000000de180000,0x00000000de180000)
  from space 14336K, 56% used [0x00000000de180000,0x00000000de979bc0,0x00000000def80000)
  to   space 13312K, 0% used [0x00000000dfe00000,0x00000000dfe00000,0x00000000e0b00000)
 ParOldGen       total 90624K, used 19451K [0x0000000081e00000, 0x0000000087680000, 0x00000000d5f80000)
  object space 90624K, 21% used [0x0000000081e00000,0x00000000830fedf0,0x0000000087680000)
 Metaspace       used 26993K, capacity 27540K, committed 27776K, reserved 1073152K
  class space    used 3176K, capacity 3346K, committed 3456K, reserved 1048576K
Event: 20.302 GC heap after
Heap after GC invocations=9 (full 1):
 PSYoungGen      total 151552K, used 13308K [0x00000000d5f80000, 0x00000000e2e80000, 0x0000000100000000)
  eden space 138240K, 0% used [0x00000000d5f80000,0x00000000d5f80000,0x00000000de680000)
  from space 13312K, 99% used [0x00000000dfe00000,0x00000000e0aff178,0x00000000e0b00000)
  to   space 24064K, 0% used [0x00000000de680000,0x00000000de680000,0x00000000dfe00000)
 ParOldGen       total 90624K, used 39588K [0x0000000081e00000, 0x0000000087680000, 0x00000000d5f80000)
  object space 90624K, 43% used [0x0000000081e00000,0x00000000844a9190,0x0000000087680000)
 Metaspace       used 26993K, capacity 27540K, committed 27776K, reserved 1073152K
  class space    used 3176K, capacity 3346K, committed 3456K, reserved 1048576K
}
Event: 21.635 GC heap before
{Heap before GC invocations=10 (full 1):
 PSYoungGen      total 151552K, used 151548K [0x00000000d5f80000, 0x00000000e2e80000, 0x0000000100000000)
  eden space 138240K, 100% used [0x00000000d5f80000,0x00000000de680000,0x00000000de680000)
  from space 13312K, 99% used [0x00000000dfe00000,0x00000000e0aff178,0x00000000e0b00000)
  to   space 24064K, 0% used [0x00000000de680000,0x00000000de680000,0x00000000dfe00000)
 ParOldGen       total 90624K, used 39597K [0x0000000081e00000, 0x0000000087680000, 0x00000000d5f80000)
  object space 90624K, 43% used [0x0000000081e00000,0x00000000844ab630,0x0000000087680000)
 Metaspace       used 27013K, capacity 27540K, committed 27776K, reserved 1073152K
  class space    used 3176K, capacity 3346K, committed 3456K, reserved 1048576K
Event: 21.719 GC heap after
Heap after GC invocations=10 (full 1):
 PSYoungGen      total 162304K, used 24053K [0x00000000d5f80000, 0x00000000e4780000, 0x0000000100000000)
  eden space 138240K, 0% used [0x00000000d5f80000,0x00000000d5f80000,0x00000000de680000)
  from space 24064K, 99% used [0x00000000de680000,0x00000000dfdfd520,0x00000000dfe00000)
  to   space 36352K, 0% used [0x00000000e2400000,0x00000000e2400000,0x00000000e4780000)
 ParOldGen       total 90624K, used 61154K [0x0000000081e00000, 0x0000000087680000, 0x00000000d5f80000)
  object space 90624K, 67% used [0x0000000081e00000,0x00000000859b8808,0x0000000087680000)
 Metaspace       used 27013K, capacity 27540K, committed 27776K, reserved 1073152K
  class space    used 3176K, capacity 3346K, committed 3456K, reserved 1048576K
}
Event: 23.648 GC heap before
{Heap before GC invocations=11 (full 1):
 PSYoungGen      total 162304K, used 162293K [0x00000000d5f80000, 0x00000000e4780000, 0x0000000100000000)
  eden space 138240K, 100% used [0x00000000d5f80000,0x00000000de680000,0x00000000de680000)
  from space 24064K, 99% used [0x00000000de680000,0x00000000dfdfd520,0x00000000dfe00000)
  to   space 36352K, 0% used [0x00000000e2400000,0x00000000e2400000,0x00000000e4780000)
 ParOldGen       total 90624K, used 61162K [0x0000000081e00000, 0x0000000087680000, 0x00000000d5f80000)
  object space 90624K, 67% used [0x0000000081e00000,0x00000000859ba9f8,0x0000000087680000)
 Metaspace       used 27023K, capacity 27540K, committed 27776K, reserved 1073152K
  class space    used 3178K, capacity 3346K, committed 3456K, reserved 1048576K
Event: 23.727 GC heap after
Heap after GC invocations=11 (full 1):
 PSYoungGen      total 190976K, used 36345K [0x00000000d5f80000, 0x00000000e5d00000, 0x0000000100000000)
  eden space 154624K, 0% used [0x00000000d5f80000,0x00000000d5f80000,0x00000000df680000)
  from space 36352K, 99% used [0x00000000e2400000,0x00000000e477e7a0,0x00000000e4780000)
  to   space 46592K, 0% used [0x00000000df680000,0x00000000df680000,0x00000000e2400000)
 ParOldGen       total 90624K, used 73727K [0x0000000081e00000, 0x0000000087680000, 0x00000000d5f80000)
  object space 90624K, 81% used [0x0000000081e00000,0x00000000865fffd8,0x0000000087680000)
 Metaspace       used 27023K, capacity 27540K, committed 27776K, reserved 1073152K
  class space    used 3178K, capacity 3346K, committed 3456K, reserved 1048576K
}
Event: 23.727 GC heap before
{Heap before GC invocations=12 (full 2):
 PSYoungGen      total 190976K, used 36345K [0x00000000d5f80000, 0x00000000e5d00000, 0x0000000100000000)
  eden space 154624K, 0% used [0x00000000d5f80000,0x00000000d5f80000,0x00000000df680000)
  from space 36352K, 99% used [0x00000000e2400000,0x00000000e477e7a0,0x00000000e4780000)
  to   space 46592K, 0% used [0x00000000df680000,0x00000000df680000,0x00000000e2400000)
 ParOldGen       total 90624K, used 73727K [0x0000000081e00000, 0x0000000087680000, 0x00000000d5f80000)
  object space 90624K, 81% used [0x0000000081e00000,0x00000000865fffd8,0x0000000087680000)
 Metaspace       used 27023K, capacity 27540K, committed 27776K, reserved 1073152K
  class space    used 3178K, capacity 3346K, committed 3456K, reserved 1048576K
Event: 23.923 GC heap after
Heap after GC invocations=12 (full 2):
 PSYoungGen      total 190976K, used 0K [0x00000000d5f80000, 0x00000000e5d00000, 0x0000000100000000)
  eden space 154624K, 0% used [0x00000000d5f80000,0x00000000d5f80000,0x00000000df680000)
  from space 36352K, 0% used [0x00000000e2400000,0x00000000e2400000,0x00000000e4780000)
  to   space 46592K, 0% used [0x00000000df680000,0x00000000df680000,0x00000000e2400000)
 ParOldGen       total 184320K, used 65756K [0x0000000081e00000, 0x000000008d200000, 0x00000000d5f80000)
  object space 184320K, 35% used [0x0000000081e00000,0x0000000085e372c0,0x000000008d200000)
 Metaspace       used 27023K, capacity 27540K, committed 27776K, reserved 1073152K
  class space    used 3178K, capacity 3346K, committed 3456K, reserved 1048576K
}
Event: 233.509 GC heap before
{Heap before GC invocations=13 (full 2):
 PSYoungGen      total 190976K, used 154624K [0x00000000d5f80000, 0x00000000e5d00000, 0x0000000100000000)
  eden space 154624K, 100% used [0x00000000d5f80000,0x00000000df680000,0x00000000df680000)
  from space 36352K, 0% used [0x00000000e2400000,0x00000000e2400000,0x00000000e4780000)
  to   space 46592K, 0% used [0x00000000df680000,0x00000000df680000,0x00000000e2400000)
 ParOldGen       total 184320K, used 65757K [0x0000000081e00000, 0x000000008d200000, 0x00000000d5f80000)
  object space 184320K, 35% used [0x0000000081e00000,0x0000000085e37728,0x000000008d200000)
 Metaspace       used 32596K, capacity 33232K, committed 33408K, reserved 1079296K
  class space    used 3981K, capacity 4212K, committed 4224K, reserved 1048576K
Event: 233.557 GC heap after
Heap after GC invocations=13 (full 2):
 PSYoungGen      total 201216K, used 19594K [0x00000000d5f80000, 0x00000000e7000000, 0x0000000100000000)
  eden space 154624K, 0% used [0x00000000d5f80000,0x00000000d5f80000,0x00000000df680000)
  from space 46592K, 42% used [0x00000000df680000,0x00000000e09a2b28,0x00000000e2400000)
  to   space 44544K, 0% used [0x00000000e4480000,0x00000000e4480000,0x00000000e7000000)
 ParOldGen       total 184320K, used 65765K [0x0000000081e00000, 0x000000008d200000, 0x00000000d5f80000)
  object space 184320K, 35% used [0x0000000081e00000,0x0000000085e39728,0x000000008d200000)
 Metaspace       used 32596K, capacity 33232K, committed 33408K, reserved 1079296K
  class space    used 3981K, capacity 4212K, committed 4224K, reserved 1048576K
}

